09/30/2024 13:05:59 INICIANDO...   	  		
09/30/2024 13:05:59 2.13.0.1  	 			 
09/30/2024 13:05:59 Usuário: Dell(Administrador)  	   	 
09/30/2024 13:05:59 Versão do Sistema Operacional: 6.2.9200	    	 	
09/30/2024 13:05:59 64 Bits: true	 					 
09/30/2024 13:05:59   ( 0.7 ) 		 	 		
09/30/2024 13:05:59 UAC: Ativado	   	 		
09/30/2024 13:06:00 Verificando se Mozilla Firefox está instalado... 	 	    
09/30/2024 13:06:00 Mozilla Firefox não instalado.
09/30/2024 13:06:00 [1: Ajustando ambiente] Verificando...
09/30/2024 13:06:00 [1: Ajustando ambiente] Corrigindo TLS.
09/30/2024 13:06:00 [1: Ajustando ambiente] Ok.
09/30/2024 13:06:00 [2: Ajustes iniciais] Verificando...
09/30/2024 13:06:00 [2: Ajustes iniciais] Ok.
09/30/2024 13:06:00 [3: Instalação dos certificados raíz] Verificando...
09/30/2024 13:06:00 [3: Instalação dos certificados raíz] Efetuando download do instalador...
09/30/2024 13:06:01 [3: Instalação dos certificados raíz] Instalando...
09/30/2024 13:06:01 [3: Instalação dos certificados raíz] Ok.
09/30/2024 13:06:01 [5: Ajustes adicionais] Verificando...
09/30/2024 13:06:01 [5: Ajustes adicionais] Limpando...
09/30/2024 13:06:01 [5: Ajustes adicionais] Ok.
09/30/2024 13:06:01 [7: Instalando módulo de segurança] Verificando...
09/30/2024 13:06:01 [7: Instalando módulo de segurança] Efetuando download do instalador...
09/30/2024 13:06:12 [7: Instalando módulo de segurança] Instalando...
09/30/2024 13:06:23 [7: Instalando módulo de segurança] Ok.
09/30/2024 13:06:23 [9: Finalizando a instalação] Verificando...
09/30/2024 13:06:23 [9: Finalizando a instalação] Ok.
09/30/2024 13:06:23 [10: Validando a instalação] Verificando...
09/30/2024 13:06:59 [10: Validando a instalação] Instalando...
09/30/2024 13:07:05 [10: Validando a instalação] Ok.
09/30/2024 13:07:05 [12: Ajustando ambiente] Verificando...
09/30/2024 13:07:05 [12: Ajustando ambiente] Ok.
09/30/2024 13:07:05 [13: Ajustando ambiente] Verificando...
09/30/2024 13:07:05 [13: Ajustando ambiente] Ok.
09/30/2024 13:07:05 [14: Concluindo ajustes] Verificando...
09/30/2024 13:07:06 [14: Concluindo ajustes] CONCLUÍDO.
09/30/2024 13:07:06 CONCLUÍDO.
